[2023-02-13 18:11:34,827] root - INFO - Exporting collection data as pandas dataframe
[2023-02-13 18:11:34,828] root - INFO - Reading data from database: INSURANCE and collection: INSURANCE_PROJECT
[2023-02-13 18:11:34,890] root - INFO - Found columns: Index(['_id', 'age', 'sex', 'bmi', 'children', 'smoker', 'region', 'expenses'], dtype='object')
[2023-02-13 18:11:34,890] root - INFO - Dropping column: _id
[2023-02-13 18:11:34,891] root - INFO - Row and columns in df: (1338, 7)
[2023-02-13 18:11:34,891] root - INFO - Save data in feature store
[2023-02-13 18:11:34,892] root - INFO - Create feature store folder if not available
[2023-02-13 18:11:34,892] root - INFO - Save df to feature store folder
[2023-02-13 18:11:34,899] root - INFO - split dataset into train and test set
[2023-02-13 18:11:34,900] root - INFO - create dataset directory folder if not available
[2023-02-13 18:11:34,901] root - INFO - Save df to feature store folder
[2023-02-13 18:11:34,907] root - INFO - Data ingestion artifact: DataIngestionArtifact(feature_store_file_path='/config/workspace/artifact/02132023__181134/data_ingestion/feature_store/insurance.csv', train_file_path='/config/workspace/artifact/02132023__181134/data_ingestion/dataset/train.csv', test_file_path='/config/workspace/artifact/02132023__181134/data_ingestion/dataset/test.csv')
[2023-02-13 18:11:34,907] root - INFO - Reading base dataframe
[2023-02-13 18:11:34,913] root - INFO - Replace na value in base df
[2023-02-13 18:11:34,913] root - INFO - Drop null values colums from base df
[2023-02-13 18:11:34,915] root - INFO - selecting column name which contains null above to 0.2
[2023-02-13 18:11:34,915] root - INFO - Columns to drop: []
[2023-02-13 18:11:34,916] root - INFO - Reading train dataframe
[2023-02-13 18:11:34,919] root - INFO - Reading test dataframe
[2023-02-13 18:11:34,922] root - INFO - selecting column name which contains null above to 0.2
[2023-02-13 18:11:34,923] root - INFO - Columns to drop: []
[2023-02-13 18:11:34,924] root - INFO - selecting column name which contains null above to 0.2
[2023-02-13 18:11:34,925] root - INFO - Columns to drop: []
[2023-02-13 18:11:34,929] root - INFO - Is all required columns present in train df
[2023-02-13 18:11:34,929] root - INFO - Is all required columns present in test df
[2023-02-13 18:11:34,929] root - INFO - As all column are available in train df hence detecting data drift
[2023-02-13 18:11:34,940] root - INFO - As all column are available in test df hence detecting data drift
[2023-02-13 18:11:34,948] root - INFO - Write reprt in yaml file
[2023-02-13 18:11:34,953] root - INFO - Data validation artifact: DataValidationArtifact(report_file_path='/config/workspace/artifact/02132023__181134/data_validation/report.yaml')
[2023-02-13 18:11:34,983] root - INFO - Model evaluation artifact: ModelEvaluationArtifact(is_model_accepted=True, improved_accuracy=None)
[2023-02-13 18:11:34,984] root - INFO - >>>>>>>>>>>>>>>>>>>>>>>>>>>>>>>>>>>>>>>> Data Transformation <<<<<<<<<<<<<<<<<<<<<<<<<<<<<<<<<<<<<<<<
[2023-02-13 18:11:34,984] root - INFO - Loading transformer model and target encoder
[2023-02-13 18:11:34,984] root - INFO - Saving model into model pusher directory
[2023-02-13 18:11:34,986] root - INFO - Saving model in saved model dir
[2023-02-13 18:11:34,989] root - INFO - Model pusher artifact: ModelPusherArtifact(pusher_model_dir='/config/workspace/artifact/02132023__181134/model_pusher/saved_models', saved_model_dir='saved_models')
