[2023-02-13 14:35:08,686] root - INFO - Exporting collection data as pandas dataframe
[2023-02-13 14:35:08,686] root - INFO - Reading data from database: INSURANCE and collection: INSURANCE_PROJECT
[2023-02-13 14:35:08,749] root - INFO - Found columns: Index(['_id', 'age', 'sex', 'bmi', 'children', 'smoker', 'region', 'expenses'], dtype='object')
[2023-02-13 14:35:08,750] root - INFO - Dropping column: _id
[2023-02-13 14:35:08,751] root - INFO - Row and columns in df: (1338, 7)
[2023-02-13 14:35:08,751] root - INFO - Save data in feature store
[2023-02-13 14:35:08,751] root - INFO - Create feature store folder if not available
[2023-02-13 14:35:08,752] root - INFO - Save df to feature store folder
[2023-02-13 14:35:08,759] root - INFO - split dataset into train and test set
[2023-02-13 14:35:08,760] root - INFO - create dataset directory folder if not available
[2023-02-13 14:35:08,760] root - INFO - Save df to feature store folder
[2023-02-13 14:35:08,767] root - INFO - Data ingestion artifact: DataIngestionArtifact(feature_store_file_path='/config/workspace/artifact/02132023__143508/data_ingestion/feature_store/insurance.csv', train_file_path='/config/workspace/artifact/02132023__143508/data_ingestion/dataset/train.csv', test_file_path='/config/workspace/artifact/02132023__143508/data_ingestion/dataset/test.csv')
[2023-02-13 14:35:08,767] root - INFO - Reading base dataframe
[2023-02-13 14:35:08,772] root - INFO - Replace na value in base df
[2023-02-13 14:35:08,772] root - INFO - Drop null values colums from base df
[2023-02-13 14:35:08,774] root - INFO - selecting column name which contains null above to 0.2
[2023-02-13 14:35:08,774] root - INFO - Columns to drop: []
[2023-02-13 14:35:08,775] root - INFO - Reading train dataframe
[2023-02-13 14:35:08,777] root - INFO - Reading test dataframe
[2023-02-13 14:35:08,781] root - INFO - selecting column name which contains null above to 0.2
[2023-02-13 14:35:08,781] root - INFO - Columns to drop: []
[2023-02-13 14:35:08,783] root - INFO - selecting column name which contains null above to 0.2
[2023-02-13 14:35:08,783] root - INFO - Columns to drop: []
[2023-02-13 14:35:08,787] root - INFO - Is all required columns present in train df
[2023-02-13 14:35:08,787] root - INFO - Is all required columns present in test df
[2023-02-13 14:35:08,787] root - INFO - As all column are available in train df hence detecting data drift
[2023-02-13 14:35:08,798] root - INFO - As all column are available in test df hence detecting data drift
[2023-02-13 14:35:08,806] root - INFO - Write reprt in yaml file
[2023-02-13 14:35:08,811] root - INFO - Data validation artifact: DataValidationArtifact(report_file_path='/config/workspace/artifact/02132023__143508/data_validation/report.yaml')
