[2023-02-13 14:29:40,163] root - INFO - Exporting collection data as pandas dataframe
[2023-02-13 14:29:40,163] root - INFO - Reading data from database: INSURANCE and collection: INSURANCE_PROJECT
[2023-02-13 14:29:40,229] root - INFO - Found columns: Index(['_id', 'age', 'sex', 'bmi', 'children', 'smoker', 'region', 'expenses'], dtype='object')
[2023-02-13 14:29:40,229] root - INFO - Dropping column: _id
[2023-02-13 14:29:40,230] root - INFO - Row and columns in df: (1338, 7)
[2023-02-13 14:29:40,231] root - INFO - Save data in feature store
[2023-02-13 14:29:40,231] root - INFO - Create feature store folder if not available
[2023-02-13 14:29:40,232] root - INFO - Save df to feature store folder
[2023-02-13 14:29:40,239] root - INFO - split dataset into train and test set
[2023-02-13 14:29:40,240] root - INFO - create dataset directory folder if not available
[2023-02-13 14:29:40,241] root - INFO - Save df to feature store folder
[2023-02-13 14:29:40,247] root - INFO - Data ingestion artifact: DataIngestionArtifact(feature_store_file_path='/config/workspace/artifact/02132023__142940/data_ingestion/feature_store/insurance.csv', train_file_path='/config/workspace/artifact/02132023__142940/data_ingestion/dataset/train.csv', test_file_path='/config/workspace/artifact/02132023__142940/data_ingestion/dataset/test.csv')
[2023-02-13 14:29:40,247] root - INFO - Reading base dataframe
[2023-02-13 14:29:40,253] root - INFO - Replace na value in base df
[2023-02-13 14:29:40,254] root - INFO - Drop null values colums from base df
[2023-02-13 14:29:40,255] root - INFO - selecting column name which contains null above to 0.2
[2023-02-13 14:29:40,256] root - INFO - Columns to drop: []
[2023-02-13 14:29:40,256] root - INFO - Reading train dataframe
[2023-02-13 14:29:40,259] root - INFO - Reading test dataframe
[2023-02-13 14:29:40,263] root - INFO - selecting column name which contains null above to 0.2
[2023-02-13 14:29:40,264] root - INFO - Columns to drop: []
[2023-02-13 14:29:40,265] root - INFO - selecting column name which contains null above to 0.2
[2023-02-13 14:29:40,266] root - INFO - Columns to drop: []
[2023-02-13 14:29:40,270] root - INFO - Is all required columns present in train df
[2023-02-13 14:29:40,270] root - INFO - Is all required columns present in test df
[2023-02-13 14:29:40,270] root - INFO - As all column are available in train df hence detecting data drift
[2023-02-13 14:29:40,282] root - INFO - As all column are available in test df hence detecting data drift
[2023-02-13 14:29:40,290] root - INFO - Write reprt in yaml file
[2023-02-13 14:29:40,294] root - INFO - Data validation artifact: DataValidationArtifact(report_file_path='/config/workspace/artifact/02132023__142940/data_validation/report.yaml')
