[2023-02-13 18:07:16,612] root - INFO - Exporting collection data as pandas dataframe
[2023-02-13 18:07:16,613] root - INFO - Reading data from database: INSURANCE and collection: INSURANCE_PROJECT
[2023-02-13 18:07:16,677] root - INFO - Found columns: Index(['_id', 'age', 'sex', 'bmi', 'children', 'smoker', 'region', 'expenses'], dtype='object')
[2023-02-13 18:07:16,677] root - INFO - Dropping column: _id
[2023-02-13 18:07:16,679] root - INFO - Row and columns in df: (1338, 7)
[2023-02-13 18:07:16,679] root - INFO - Save data in feature store
[2023-02-13 18:07:16,680] root - INFO - Create feature store folder if not available
[2023-02-13 18:07:16,680] root - INFO - Save df to feature store folder
[2023-02-13 18:07:16,690] root - INFO - split dataset into train and test set
[2023-02-13 18:07:16,692] root - INFO - create dataset directory folder if not available
[2023-02-13 18:07:16,693] root - INFO - Save df to feature store folder
[2023-02-13 18:07:16,701] root - INFO - Data ingestion artifact: DataIngestionArtifact(feature_store_file_path='/config/workspace/artifact/02132023__180716/data_ingestion/feature_store/insurance.csv', train_file_path='/config/workspace/artifact/02132023__180716/data_ingestion/dataset/train.csv', test_file_path='/config/workspace/artifact/02132023__180716/data_ingestion/dataset/test.csv')
[2023-02-13 18:07:16,702] root - INFO - Reading base dataframe
[2023-02-13 18:07:16,708] root - INFO - Replace na value in base df
[2023-02-13 18:07:16,708] root - INFO - Drop null values colums from base df
[2023-02-13 18:07:16,710] root - INFO - selecting column name which contains null above to 0.2
[2023-02-13 18:07:16,711] root - INFO - Columns to drop: []
[2023-02-13 18:07:16,711] root - INFO - Reading train dataframe
[2023-02-13 18:07:16,714] root - INFO - Reading test dataframe
[2023-02-13 18:07:16,719] root - INFO - selecting column name which contains null above to 0.2
[2023-02-13 18:07:16,720] root - INFO - Columns to drop: []
[2023-02-13 18:07:16,721] root - INFO - selecting column name which contains null above to 0.2
[2023-02-13 18:07:16,722] root - INFO - Columns to drop: []
[2023-02-13 18:07:16,727] root - INFO - Is all required columns present in train df
[2023-02-13 18:07:16,727] root - INFO - Is all required columns present in test df
[2023-02-13 18:07:16,727] root - INFO - As all column are available in train df hence detecting data drift
[2023-02-13 18:07:16,739] root - INFO - As all column are available in test df hence detecting data drift
[2023-02-13 18:07:16,748] root - INFO - Write reprt in yaml file
[2023-02-13 18:07:16,753] root - INFO - Data validation artifact: DataValidationArtifact(report_file_path='/config/workspace/artifact/02132023__180716/data_validation/report.yaml')
[2023-02-13 18:07:16,785] root - INFO - Model evaluation artifact: ModelEvaluationArtifact(is_model_accepted=True, improved_accuracy=None)
[2023-02-13 18:07:16,785] root - INFO - >>>>>>>>>>>>>>>>>>>>>>>>>>>>>>>>>>>>>>>> Data Transformation <<<<<<<<<<<<<<<<<<<<<<<<<<<<<<<<<<<<<<<<
[2023-02-13 18:07:16,785] root - INFO - Loading transformer model and target encoder
[2023-02-13 18:07:16,785] root - INFO - Saving model into model pusher directory
[2023-02-13 18:07:16,787] root - INFO - Saving model in saved model dir
[2023-02-13 18:07:16,790] root - INFO - Model pusher artifact: ModelPusherArtifact(pusher_model_dir='/config/workspace/artifact/02132023__180716/model_pusher/saved_models', saved_model_dir='saved_models')
