[2023-02-13 15:31:31,351] root - INFO - Exporting collection data as pandas dataframe
[2023-02-13 15:31:31,351] root - INFO - Reading data from database: INSURANCE and collection: INSURANCE_PROJECT
[2023-02-13 15:31:31,416] root - INFO - Found columns: Index(['_id', 'age', 'sex', 'bmi', 'children', 'smoker', 'region', 'expenses'], dtype='object')
[2023-02-13 15:31:31,417] root - INFO - Dropping column: _id
[2023-02-13 15:31:31,418] root - INFO - Row and columns in df: (1338, 7)
[2023-02-13 15:31:31,418] root - INFO - Save data in feature store
[2023-02-13 15:31:31,419] root - INFO - Create feature store folder if not available
[2023-02-13 15:31:31,419] root - INFO - Save df to feature store folder
[2023-02-13 15:31:31,432] root - INFO - split dataset into train and test set
[2023-02-13 15:31:31,434] root - INFO - create dataset directory folder if not available
[2023-02-13 15:31:31,434] root - INFO - Save df to feature store folder
[2023-02-13 15:31:31,443] root - INFO - Data ingestion artifact: DataIngestionArtifact(feature_store_file_path='/config/workspace/artifact/02132023__153131/data_ingestion/feature_store/insurance.csv', train_file_path='/config/workspace/artifact/02132023__153131/data_ingestion/dataset/train.csv', test_file_path='/config/workspace/artifact/02132023__153131/data_ingestion/dataset/test.csv')
[2023-02-13 15:31:31,443] root - INFO - Reading base dataframe
[2023-02-13 15:31:31,449] root - INFO - Replace na value in base df
[2023-02-13 15:31:31,450] root - INFO - Drop null values colums from base df
[2023-02-13 15:31:31,452] root - INFO - selecting column name which contains null above to 0.2
[2023-02-13 15:31:31,452] root - INFO - Columns to drop: []
[2023-02-13 15:31:31,453] root - INFO - Reading train dataframe
[2023-02-13 15:31:31,456] root - INFO - Reading test dataframe
[2023-02-13 15:31:31,459] root - INFO - selecting column name which contains null above to 0.2
[2023-02-13 15:31:31,459] root - INFO - Columns to drop: []
[2023-02-13 15:31:31,461] root - INFO - selecting column name which contains null above to 0.2
[2023-02-13 15:31:31,461] root - INFO - Columns to drop: []
[2023-02-13 15:31:31,465] root - INFO - Is all required columns present in train df
[2023-02-13 15:31:31,465] root - INFO - Is all required columns present in test df
[2023-02-13 15:31:31,465] root - INFO - As all column are available in train df hence detecting data drift
[2023-02-13 15:31:31,477] root - INFO - As all column are available in test df hence detecting data drift
[2023-02-13 15:31:31,486] root - INFO - Write reprt in yaml file
[2023-02-13 15:31:31,490] root - INFO - Data validation artifact: DataValidationArtifact(report_file_path='/config/workspace/artifact/02132023__153131/data_validation/report.yaml')
