[2023-02-20 11:47:34,080] root - INFO - Exporting collection data as pandas dataframe
[2023-02-20 11:47:34,080] root - INFO - Reading data from database: INSURANCE and collection: INSURANCE_PROJECT
[2023-02-20 11:47:34,141] root - INFO - Found columns: Index(['_id', 'age', 'sex', 'bmi', 'children', 'smoker', 'region', 'expenses'], dtype='object')
[2023-02-20 11:47:34,141] root - INFO - Dropping column: _id
[2023-02-20 11:47:34,143] root - INFO - Row and columns in df: (1338, 7)
[2023-02-20 11:47:34,143] root - INFO - Save data in feature store
[2023-02-20 11:47:34,143] root - INFO - Create feature store folder if not available
[2023-02-20 11:47:34,144] root - INFO - Save df to feature store folder
[2023-02-20 11:47:34,151] root - INFO - split dataset into train and test set
[2023-02-20 11:47:34,153] root - INFO - create dataset directory folder if not available
[2023-02-20 11:47:34,153] root - INFO - Save df to feature store folder
[2023-02-20 11:47:34,160] root - INFO - Data ingestion artifact: DataIngestionArtifact(feature_store_file_path='/config/workspace/artifact/02202023__114734/data_ingestion/feature_store/insurance.csv', train_file_path='/config/workspace/artifact/02202023__114734/data_ingestion/dataset/train.csv', test_file_path='/config/workspace/artifact/02202023__114734/data_ingestion/dataset/test.csv')
[2023-02-20 11:47:34,161] root - INFO - >>>>>>>>>>>>>>>>>>>>>>>>>>>>>>>>>>>>>>>> Data Validation <<<<<<<<<<<<<<<<<<<<<<<<<<<<<<<<<<<<<<<<
[2023-02-20 11:47:34,161] root - INFO - Reading base dataframe
[2023-02-20 11:47:34,165] root - INFO - Replace na value in base df
[2023-02-20 11:47:34,166] root - INFO - Drop null values colums from base df
[2023-02-20 11:47:34,167] root - INFO - selecting column name which contains null above to 0.2
[2023-02-20 11:47:34,168] root - INFO - Columns to drop: []
[2023-02-20 11:47:34,169] root - INFO - Reading train dataframe
[2023-02-20 11:47:34,172] root - INFO - Reading test dataframe
[2023-02-20 11:47:34,174] root - INFO - Drop null values colums from train df
[2023-02-20 11:47:34,176] root - INFO - selecting column name which contains null above to 0.2
[2023-02-20 11:47:34,176] root - INFO - Columns to drop: []
[2023-02-20 11:47:34,176] root - INFO - Drop null values colums from test df
[2023-02-20 11:47:34,178] root - INFO - selecting column name which contains null above to 0.2
[2023-02-20 11:47:34,178] root - INFO - Columns to drop: []
[2023-02-20 11:47:34,182] root - INFO - Is all required columns present in train df
[2023-02-20 11:47:34,182] root - INFO - Is all required columns present in test df
[2023-02-20 11:47:34,182] root - INFO - As all column are available in train df hence detecting data drift
[2023-02-20 11:47:34,183] root - INFO - Hypothesis age: float64, float64 
[2023-02-20 11:47:34,184] root - INFO - Hypothesis sex: object, object 
[2023-02-20 11:47:34,187] root - INFO - Hypothesis bmi: float64, float64 
[2023-02-20 11:47:34,188] root - INFO - Hypothesis children: float64, float64 
[2023-02-20 11:47:34,188] root - INFO - Hypothesis smoker: object, object 
[2023-02-20 11:47:34,191] root - INFO - Hypothesis region: object, object 
[2023-02-20 11:47:34,195] root - INFO - Hypothesis expenses: float64, float64 
[2023-02-20 11:47:34,195] root - INFO - As all column are available in test df hence detecting data drift
[2023-02-20 11:47:34,196] root - INFO - Hypothesis age: float64, float64 
[2023-02-20 11:47:34,196] root - INFO - Hypothesis sex: object, object 
[2023-02-20 11:47:34,200] root - INFO - Hypothesis bmi: float64, float64 
[2023-02-20 11:47:34,202] root - INFO - Hypothesis children: float64, float64 
[2023-02-20 11:47:34,203] root - INFO - Hypothesis smoker: object, object 
[2023-02-20 11:47:34,206] root - INFO - Hypothesis region: object, object 
[2023-02-20 11:47:34,208] root - INFO - Hypothesis expenses: float64, float64 
[2023-02-20 11:47:34,209] root - INFO - Write reprt in yaml file
[2023-02-20 11:47:34,214] root - INFO - Data validation artifact: DataValidationArtifact(report_file_path='/config/workspace/artifact/02202023__114734/data_validation/report.yaml')
[2023-02-20 11:47:34,238] root - INFO - >>>>>>>>>>>>>>>>>>>>>>>>>>>>>>>>>>>>>>>> Model Trainer <<<<<<<<<<<<<<<<<<<<<<<<<<<<<<<<<<<<<<<<
[2023-02-20 11:47:34,238] root - INFO - Loading train and test array.
[2023-02-20 11:47:34,305] root - INFO - Splitting input and target feature from both train and test arr.
[2023-02-20 11:47:34,305] root - INFO - Train the model
[2023-02-20 11:47:34,307] root - INFO - Calculating f1 train score
[2023-02-20 11:47:34,308] root - INFO - Calculating f1 test score
[2023-02-20 11:47:34,308] root - INFO - train score:0.7475774924460041 and tests score 0.762331239232596
[2023-02-20 11:47:34,308] root - INFO - Checking if our model is underfitting or not
[2023-02-20 11:47:34,308] root - INFO - Checking if our model is overfiiting or not
[2023-02-20 11:47:34,308] root - INFO - Saving mode object
[2023-02-20 11:47:34,309] root - INFO - Prepare the artifact
[2023-02-20 11:47:34,309] root - INFO - Model trainer artifact: ModelTrainerArtifact(model_path='/config/workspace/artifact/02202023__114734/model_trainer/model/model.pkl', r2_train_score=0.7475774924460041, r2_test_score=0.762331239232596)
[2023-02-20 11:47:34,309] root - INFO - >>>>>>>>>>>>>>>>>>>>>>>>>>>>>>>>>>>>>>>>  Model Evaluation <<<<<<<<<<<<<<<<<<<<<<<<<<<<<<<<<<<<<<<<
[2023-02-20 11:47:34,310] root - INFO - if saved model folder has model the we will compare which model is best trained or the model from saved model folder
[2023-02-20 11:47:34,310] root - INFO - Finding location of transformer model and target encoder
[2023-02-20 11:47:34,310] root - INFO - Previous trained objects of transformer, model and target encoder
[2023-02-20 11:47:34,310] root - INFO - Currently trained model objects
[2023-02-20 11:47:34,318] root - INFO - Accuracy using previous trained model: 0.762331239232596
[2023-02-20 11:47:34,321] root - INFO - Accuracy using current trained model: 0.762331239232596
[2023-02-20 11:47:34,321] root - INFO - Current trained model is not better than previous model
