[2023-02-17 22:32:18,045] root - INFO - Exporting collection data as pandas dataframe
[2023-02-17 22:32:18,045] root - INFO - Reading data from database: INSURANCE and collection: INSURANCE_PROJECT
[2023-02-17 22:32:18,108] root - INFO - Found columns: Index(['_id', 'age', 'sex', 'bmi', 'children', 'smoker', 'region', 'expenses'], dtype='object')
[2023-02-17 22:32:18,108] root - INFO - Dropping column: _id
[2023-02-17 22:32:18,109] root - INFO - Row and columns in df: (1338, 7)
[2023-02-17 22:32:18,110] root - INFO - Save data in feature store
[2023-02-17 22:32:18,110] root - INFO - Create feature store folder if not available
[2023-02-17 22:32:18,110] root - INFO - Save df to feature store folder
[2023-02-17 22:32:18,117] root - INFO - split dataset into train and test set
[2023-02-17 22:32:18,119] root - INFO - create dataset directory folder if not available
[2023-02-17 22:32:18,119] root - INFO - Save df to feature store folder
[2023-02-17 22:32:18,126] root - INFO - Data ingestion artifact: DataIngestionArtifact(feature_store_file_path='/config/workspace/artifact/02172023__223218/data_ingestion/feature_store/insurance.csv', train_file_path='/config/workspace/artifact/02172023__223218/data_ingestion/dataset/train.csv', test_file_path='/config/workspace/artifact/02172023__223218/data_ingestion/dataset/test.csv')
[2023-02-17 22:32:18,127] root - INFO - Reading base dataframe
[2023-02-17 22:32:18,131] root - INFO - Replace na value in base df
[2023-02-17 22:32:18,132] root - INFO - Drop null values colums from base df
[2023-02-17 22:32:18,133] root - INFO - selecting column name which contains null above to 0.2
[2023-02-17 22:32:18,134] root - INFO - Columns to drop: []
[2023-02-17 22:32:18,135] root - INFO - Reading train dataframe
[2023-02-17 22:32:18,138] root - INFO - Reading test dataframe
[2023-02-17 22:32:18,141] root - INFO - selecting column name which contains null above to 0.2
[2023-02-17 22:32:18,142] root - INFO - Columns to drop: []
[2023-02-17 22:32:18,143] root - INFO - selecting column name which contains null above to 0.2
[2023-02-17 22:32:18,144] root - INFO - Columns to drop: []
[2023-02-17 22:32:18,148] root - INFO - Is all required columns present in train df
[2023-02-17 22:32:18,148] root - INFO - Is all required columns present in test df
[2023-02-17 22:32:18,148] root - INFO - As all column are available in train df hence detecting data drift
[2023-02-17 22:32:18,159] root - INFO - As all column are available in test df hence detecting data drift
[2023-02-17 22:32:18,167] root - INFO - Write reprt in yaml file
[2023-02-17 22:32:18,173] root - INFO - Data validation artifact: DataValidationArtifact(report_file_path='/config/workspace/artifact/02172023__223218/data_validation/report.yaml')
[2023-02-17 22:32:18,195] root - INFO - >>>>>>>>>>>>>>>>>>>>>>>>>>>>>>>>>>>>>>>> Model Trainer <<<<<<<<<<<<<<<<<<<<<<<<<<<<<<<<<<<<<<<<
[2023-02-17 22:32:18,195] root - INFO - Loading train and test array.
[2023-02-17 22:32:18,264] root - INFO - Splitting input and target feature from both train and test arr.
[2023-02-17 22:32:18,264] root - INFO - Train the model
[2023-02-17 22:32:18,266] root - INFO - Calculating f1 train score
[2023-02-17 22:32:18,267] root - INFO - Calculating f1 test score
[2023-02-17 22:32:18,267] root - INFO - train score:0.7475774924460041 and tests score 0.762331239232596
[2023-02-17 22:32:18,267] root - INFO - Checking if our model is underfitting or not
[2023-02-17 22:32:18,267] root - INFO - Checking if our model is overfiiting or not
[2023-02-17 22:32:18,267] root - INFO - Saving mode object
[2023-02-17 22:32:18,268] root - INFO - Prepare the artifact
[2023-02-17 22:32:18,268] root - INFO - Model trainer artifact: ModelTrainerArtifact(model_path='/config/workspace/artifact/02172023__223218/model_trainer/model/model.pkl', r2_train_score=0.7475774924460041, r2_test_score=0.762331239232596)
