[2023-02-20 11:38:25,526] root - INFO - Exporting collection data as pandas dataframe
[2023-02-20 11:38:25,526] root - INFO - Reading data from database: INSURANCE and collection: INSURANCE_PROJECT
[2023-02-20 11:38:25,588] root - INFO - Found columns: Index(['_id', 'age', 'sex', 'bmi', 'children', 'smoker', 'region', 'expenses'], dtype='object')
[2023-02-20 11:38:25,588] root - INFO - Dropping column: _id
[2023-02-20 11:38:25,589] root - INFO - Row and columns in df: (1338, 7)
[2023-02-20 11:38:25,590] root - INFO - Save data in feature store
[2023-02-20 11:38:25,590] root - INFO - Create feature store folder if not available
[2023-02-20 11:38:25,591] root - INFO - Save df to feature store folder
[2023-02-20 11:38:25,600] root - INFO - split dataset into train and test set
[2023-02-20 11:38:25,601] root - INFO - create dataset directory folder if not available
[2023-02-20 11:38:25,601] root - INFO - Save df to feature store folder
[2023-02-20 11:38:25,608] root - INFO - Data ingestion artifact: DataIngestionArtifact(feature_store_file_path='/config/workspace/artifact/02202023__113825/data_ingestion/feature_store/insurance.csv', train_file_path='/config/workspace/artifact/02202023__113825/data_ingestion/dataset/train.csv', test_file_path='/config/workspace/artifact/02202023__113825/data_ingestion/dataset/test.csv')
[2023-02-20 11:38:25,609] root - INFO - Reading base dataframe
[2023-02-20 11:38:25,614] root - INFO - Replace na value in base df
[2023-02-20 11:38:25,614] root - INFO - Drop null values colums from base df
[2023-02-20 11:38:25,616] root - INFO - selecting column name which contains null above to 0.2
[2023-02-20 11:38:25,616] root - INFO - Columns to drop: []
[2023-02-20 11:38:25,617] root - INFO - Reading train dataframe
[2023-02-20 11:38:25,620] root - INFO - Reading test dataframe
[2023-02-20 11:38:25,624] root - INFO - selecting column name which contains null above to 0.2
[2023-02-20 11:38:25,624] root - INFO - Columns to drop: []
[2023-02-20 11:38:25,626] root - INFO - selecting column name which contains null above to 0.2
[2023-02-20 11:38:25,626] root - INFO - Columns to drop: []
[2023-02-20 11:38:25,630] root - INFO - Is all required columns present in train df
[2023-02-20 11:38:25,630] root - INFO - Is all required columns present in test df
[2023-02-20 11:38:25,631] root - INFO - As all column are available in train df hence detecting data drift
[2023-02-20 11:38:25,643] root - INFO - As all column are available in test df hence detecting data drift
[2023-02-20 11:38:25,650] root - INFO - Write reprt in yaml file
[2023-02-20 11:38:25,655] root - INFO - Data validation artifact: DataValidationArtifact(report_file_path='/config/workspace/artifact/02202023__113825/data_validation/report.yaml')
[2023-02-20 11:38:25,678] root - INFO - >>>>>>>>>>>>>>>>>>>>>>>>>>>>>>>>>>>>>>>> Model Trainer <<<<<<<<<<<<<<<<<<<<<<<<<<<<<<<<<<<<<<<<
[2023-02-20 11:38:25,678] root - INFO - Loading train and test array.
[2023-02-20 11:38:25,745] root - INFO - Splitting input and target feature from both train and test arr.
[2023-02-20 11:38:25,745] root - INFO - Train the model
[2023-02-20 11:38:25,747] root - INFO - Calculating f1 train score
[2023-02-20 11:38:25,748] root - INFO - Calculating f1 test score
[2023-02-20 11:38:25,748] root - INFO - train score:0.7475774924460041 and tests score 0.762331239232596
[2023-02-20 11:38:25,748] root - INFO - Checking if our model is underfitting or not
[2023-02-20 11:38:25,749] root - INFO - Checking if our model is overfiiting or not
[2023-02-20 11:38:25,749] root - INFO - Saving mode object
[2023-02-20 11:38:25,749] root - INFO - Prepare the artifact
[2023-02-20 11:38:25,750] root - INFO - Model trainer artifact: ModelTrainerArtifact(model_path='/config/workspace/artifact/02202023__113825/model_trainer/model/model.pkl', r2_train_score=0.7475774924460041, r2_test_score=0.762331239232596)
[2023-02-20 11:38:25,750] root - INFO - >>>>>>>>>>>>>>>>>>>>>>>>>>>>>>>>>>>>>>>>  Model Evaluation <<<<<<<<<<<<<<<<<<<<<<<<<<<<<<<<<<<<<<<<
[2023-02-20 11:38:25,750] root - INFO - if saved model folder has model the we will compare which model is best trained or the model from saved model folder
[2023-02-20 11:38:25,750] root - INFO - Finding location of transformer model and target encoder
[2023-02-20 11:38:25,750] root - INFO - Previous trained objects of transformer, model and target encoder
[2023-02-20 11:38:25,750] root - INFO - Currently trained model objects
[2023-02-20 11:38:25,758] root - INFO - Accuracy using previous trained model: 0.762331239232596
[2023-02-20 11:38:25,761] root - INFO - Accuracy using current trained model: 0.762331239232596
[2023-02-20 11:38:25,761] root - INFO - Current trained model is not better than previous model
